Server is rocking on port 3000
[1mMYSQL-CACHE[22m: [1m[32mConnected[39m[22m to [1mMySQL[22m as [1mroot[22m@[1mlocalhost[22m with the [1mLRU[22m cacheProvider
true
SELECT * FROM `user` WHERE (email = ? or mobile_number=?) and password=? and status=? and role=?
[1mMYSQL-CACHE[22m: [1mSELECT[22m [90m[1mSELECT * FROM `user` WHERE (email = 'demo@demo.com' or mobile_number='demo@demo.com') and password='e10adc3949ba59abbe56e057f20f883e' and status='1' and role='customer'[22m[39m
[1mMYSQL-CACHE[22m: [32mCacheProvider[39m: lru GET 145611541552
[1mMYSQL-CACHE[22m: [33m145611541552557[39m [31m[1mMISS[22m[39m
[1mMYSQL-CACHE[22m: [36mPool[39m: recieved connection with id 520
[1mMYSQL-CACHE[22m: [36mPool[39m: Connection 520 released
[1mMYSQL-CACHE[22m: [32mCacheProvider[39m: lru SET 145611541552
[
  TextRow {
    id: 6,
    email: 'demo@demo.com',
    mobile_number: 123456789,
    add_by: null,
    add_dt: '2022-07-24 01:44:24',
    role: 'customer',
    status: '1',
    full_name: 'Danishsdsdsd',
    password: 'e10adc3949ba59abbe56e057f20f883e',
    last_login_dt: 2022-07-23T18:30:00.000Z
  }
]
req.body
{ user_id: 'demo@demo.com', password: '123456' }
[1mMYSQL-CACHE[22m: [1mUPDATE[22m [90m[1mUPDATE `user` SET `last_login_dt` = '2022-07-24 13:18:35' WHERE email=NULL and status='1'[22m[39m
[1mMYSQL-CACHE[22m: [36mPool[39m: recieved connection with id 520
[1mMYSQL-CACHE[22m: [36mPool[39m: Connection 520 released
[1mMYSQL-CACHE[22m: [32mCacheProvider[39m: lru FLUSH 
[1mMYSQL-CACHE[22m: Cache Flushed
true
SELECT * FROM `user` WHERE (email = ? or mobile_number=?) and password=? and status=? and role=?
[1mMYSQL-CACHE[22m: [1mSELECT[22m [90m[1mSELECT * FROM `user` WHERE (email = 'demo@demo.com' or mobile_number='demo@demo.com') and password='e10adc3949ba59abbe56e057f20f883e' and status='1' and role='customer'[22m[39m
[1mMYSQL-CACHE[22m: [32mCacheProvider[39m: lru GET 145611541552
[1mMYSQL-CACHE[22m: [33m145611541552557[39m [31m[1mMISS[22m[39m
[1mMYSQL-CACHE[22m: [36mPool[39m: recieved connection with id 520
[1mMYSQL-CACHE[22m: [36mPool[39m: Connection 520 released
[1mMYSQL-CACHE[22m: [32mCacheProvider[39m: lru SET 145611541552
[]
SELECT * FROM `user` WHERE (email=? or mobile_number=?) and status=?
[1mMYSQL-CACHE[22m: [1mSELECT[22m [90m[1mSELECT * FROM `user` WHERE (email='demo@demo.com' or mobile_number='demo@demo.com') and status='1'[22m[39m
[1mMYSQL-CACHE[22m: [32mCacheProvider[39m: lru GET 329559037819
[1mMYSQL-CACHE[22m: [33m329559037819048[39m [31m[1mMISS[22m[39m
[1mMYSQL-CACHE[22m: [36mPool[39m: recieved connection with id 520
[1mMYSQL-CACHE[22m: [36mPool[39m: Connection 520 released
[1mMYSQL-CACHE[22m: [32mCacheProvider[39m: lru SET 329559037819
true
SELECT * FROM `user` WHERE (email = ? or mobile_number=?) and password=? and status=? and role=?
[1mMYSQL-CACHE[22m: [1mSELECT[22m [90m[1mSELECT * FROM `user` WHERE (email = 'demo@demo.com' or mobile_number='demo@demo.com') and password='e10adc3949ba59abbe56e057f20f883e' and status='1' and role='customer'[22m[39m
[1mMYSQL-CACHE[22m: [32mCacheProvider[39m: lru GET 145611541552
[1mMYSQL-CACHE[22m: [33m145611541552557[39m [32m[1mHIT[22m[39m
[]
SELECT * FROM `user` WHERE (email=? or mobile_number=?) and status=?
[1mMYSQL-CACHE[22m: [1mSELECT[22m [90m[1mSELECT * FROM `user` WHERE (email='demo@demo.com' or mobile_number='demo@demo.com') and status='1'[22m[39m
[1mMYSQL-CACHE[22m: [32mCacheProvider[39m: lru GET 329559037819
[1mMYSQL-CACHE[22m: [33m329559037819048[39m [32m[1mHIT[22m[39m
